Build started 10/22/2014 7:15:33 PM.
     1>Project "D:\Hercules\dummycommands\dummycommands.vcxproj" on node 2 (rebuild target(s)).
     1>InitializeBuildStatus:
         Creating "dummycommands\\dummycommands.unsuccessfulbuild" because "AlwaysCreate" was specified.
       ClCompile:
         C:\Program Files\Microsoft Visual Studio 10.0\VC\bin\CL.exe /c /I..\src\common /I..\3rdparty\msinttypes\include /ZI /nologo /W3 /WX- /Od /Oy- /D _WINDLL /D _MBCS /Gm /EHsc /RTC1 /MDd /GS /fp:precise /Zc:wchar_t /Zc:forScope /Fo"dummycommands\\" /Fd"dummycommands\\vc100.pdb" /Gd /TC /analyze- /errorReport:prompt ..\src\plugins\dummycommands.c
         dummycommands.c
     1>d:\hercules\src\plugins\dummycommands.c(136): warning C4996: 'sscanf': This function or variable may be unsafe. Consider using sscanf_s instead. To disable deprecation, use _CRT_SECURE_NO_WARNINGS. See online help for details.
                 c:\program files\microsoft visual studio 10.0\vc\include\stdio.h(325) : see declaration of 'sscanf'
     1>d:\hercules\src\plugins\dummycommands.c(138): warning C4996: 'sscanf': This function or variable may be unsafe. Consider using sscanf_s instead. To disable deprecation, use _CRT_SECURE_NO_WARNINGS. See online help for details.
                 c:\program files\microsoft visual studio 10.0\vc\include\stdio.h(325) : see declaration of 'sscanf'
     1>d:\hercules\src\plugins\dummycommands.c(142): warning C4996: 'sscanf': This function or variable may be unsafe. Consider using sscanf_s instead. To disable deprecation, use _CRT_SECURE_NO_WARNINGS. See online help for details.
                 c:\program files\microsoft visual studio 10.0\vc\include\stdio.h(325) : see declaration of 'sscanf'
     1>d:\hercules\src\plugins\dummycommands.c(144): warning C4996: 'sscanf': This function or variable may be unsafe. Consider using sscanf_s instead. To disable deprecation, use _CRT_SECURE_NO_WARNINGS. See online help for details.
                 c:\program files\microsoft visual studio 10.0\vc\include\stdio.h(325) : see declaration of 'sscanf'
     1>d:\hercules\src\plugins\dummycommands.c(164): warning C4996: 'strcpy': This function or variable may be unsafe. Consider using strcpy_s instead. To disable deprecation, use _CRT_SECURE_NO_WARNINGS. See online help for details.
                 c:\program files\microsoft visual studio 10.0\vc\include\string.h(105) : see declaration of 'strcpy'
     1>d:\hercules\src\plugins\dummycommands.c(170): warning C4996: 'strcmpi': The POSIX name for this item is deprecated. Instead, use the ISO C++ conformant name: _strcmpi. See online help for details.
                 c:\program files\microsoft visual studio 10.0\vc\include\string.h(245) : see declaration of 'strcmpi'
     1>d:\hercules\src\plugins\dummycommands.c(172): warning C4996: 'strcmpi': The POSIX name for this item is deprecated. Instead, use the ISO C++ conformant name: _strcmpi. See online help for details.
                 c:\program files\microsoft visual studio 10.0\vc\include\string.h(245) : see declaration of 'strcmpi'
     1>d:\hercules\src\plugins\dummycommands.c(194): warning C4996: 'sprintf': This function or variable may be unsafe. Consider using sprintf_s instead. To disable deprecation, use _CRT_SECURE_NO_WARNINGS. See online help for details.
                 c:\program files\microsoft visual studio 10.0\vc\include\stdio.h(371) : see declaration of 'sprintf'
     1>d:\hercules\src\plugins\dummycommands.c(200): warning C4996: 'sprintf': This function or variable may be unsafe. Consider using sprintf_s instead. To disable deprecation, use _CRT_SECURE_NO_WARNINGS. See online help for details.
                 c:\program files\microsoft visual studio 10.0\vc\include\stdio.h(371) : see declaration of 'sprintf'
     1>d:\hercules\src\plugins\dummycommands.c(202): warning C4996: 'sprintf': This function or variable may be unsafe. Consider using sprintf_s instead. To disable deprecation, use _CRT_SECURE_NO_WARNINGS. See online help for details.
                 c:\program files\microsoft visual studio 10.0\vc\include\stdio.h(371) : see declaration of 'sprintf'
     1>d:\hercules\src\plugins\dummycommands.c(254): warning C4996: 'sprintf': This function or variable may be unsafe. Consider using sprintf_s instead. To disable deprecation, use _CRT_SECURE_NO_WARNINGS. See online help for details.
                 c:\program files\microsoft visual studio 10.0\vc\include\stdio.h(371) : see declaration of 'sprintf'
       Link:
         C:\Program Files\Microsoft Visual Studio 10.0\VC\bin\link.exe /ERRORREPORT:PROMPT /OUT:"..\plugins\\dummycommands.dll" /NOLOGO kernel32.lib user32.lib gdi32.lib winspool.lib comdlg32.lib advapi32.lib shell32.lib ole32.lib oleaut32.lib uuid.lib odbc32.lib odbccp32.lib /MANIFEST /ManifestFile:"dummycommands\\dummycommands.dll.intermediate.manifest" /MANIFESTUAC:"level='asInvoker' uiAccess='false'" /DEBUG /PDB:"D:\Hercules\plugins\dummycommands.pdb" /TLBID:1 /DYNAMICBASE /NXCOMPAT /IMPLIB:"..\plugins\dummycommands.lib" /MACHINE:X86 /DLL dummycommands\\dummycommands.obj
            Creating library ..\plugins\dummycommands.lib and object ..\plugins\dummycommands.exp
         dummycommands.vcxproj -> D:\Hercules\dummycommands\..\plugins\dummycommands.dll
       Manifest:
         C:\Program Files\Microsoft SDKs\Windows\v7.0A\bin\mt.exe /nologo /verbose /outputresource:"..\plugins\\dummycommands.dll;#2" /manifest dummycommands\\dummycommands.dll.intermediate.manifest
       FinalizeBuildStatus:
         Deleting file "dummycommands\\dummycommands.unsuccessfulbuild".
         Touching "dummycommands\\dummycommands.lastbuildstate".
     1>Done Building Project "D:\Hercules\dummycommands\dummycommands.vcxproj" (rebuild target(s)).

Build succeeded.

Time Elapsed 00:00:06.91
