Build started 11/1/2014 9:46:00 AM.
     1>Project "D:\Hercules\dbghelpplug\dbghelpplug.vcxproj" on node 3 (rebuild target(s)).
     1>InitializeBuildStatus:
         Creating "dbghelpplug\\dbghelpplug.unsuccessfulbuild" because "AlwaysCreate" was specified.
       ClCompile:
         C:\Program Files\Microsoft Visual Studio 10.0\VC\bin\CL.exe /c /I..\src\common /I..\3rdparty\msinttypes\include /ZI /nologo /W3 /WX- /Od /Oy- /D _WINDLL /D _MBCS /Gm /EHsc /RTC1 /MDd /GS /fp:precise /Zc:wchar_t /Zc:forScope /Fo"dbghelpplug\\" /Fd"dbghelpplug\\vc100.pdb" /Gd /TC /analyze- /errorReport:prompt ..\src\plugins\dbghelpplug.c
         dbghelpplug.c
     1>d:\hercules\src\plugins\dbghelpplug.c(703): warning C4996: 'wctomb': This function or variable may be unsafe. Consider using wctomb_s instead. To disable deprecation, use _CRT_SECURE_NO_WARNINGS. See online help for details.
                 c:\program files\microsoft visual studio 10.0\vc\include\stdlib.h(525) : see declaration of 'wctomb'
     1>d:\hercules\src\plugins\dbghelpplug.c(1348): warning C4996: 'strcpy': This function or variable may be unsafe. Consider using strcpy_s instead. To disable deprecation, use _CRT_SECURE_NO_WARNINGS. See online help for details.
                 c:\program files\microsoft visual studio 10.0\vc\include\string.h(105) : see declaration of 'strcpy'
     1>d:\hercules\src\plugins\dbghelpplug.c(1358): warning C4996: 'strcat': This function or variable may be unsafe. Consider using strcat_s instead. To disable deprecation, use _CRT_SECURE_NO_WARNINGS. See online help for details.
                 c:\program files\microsoft visual studio 10.0\vc\include\string.h(110) : see declaration of 'strcat'
     1>d:\hercules\src\plugins\dbghelpplug.c(1366): warning C4996: 'strcat': This function or variable may be unsafe. Consider using strcat_s instead. To disable deprecation, use _CRT_SECURE_NO_WARNINGS. See online help for details.
                 c:\program files\microsoft visual studio 10.0\vc\include\string.h(110) : see declaration of 'strcat'
     1>d:\hercules\src\plugins\dbghelpplug.c(1375): warning C4996: 'fopen': This function or variable may be unsafe. Consider using fopen_s instead. To disable deprecation, use _CRT_SECURE_NO_WARNINGS. See online help for details.
                 c:\program files\microsoft visual studio 10.0\vc\include\stdio.h(234) : see declaration of 'fopen'
     1>d:\hercules\src\plugins\dbghelpplug.c(1689): warning C4996: 'strcat': This function or variable may be unsafe. Consider using strcat_s instead. To disable deprecation, use _CRT_SECURE_NO_WARNINGS. See online help for details.
                 c:\program files\microsoft visual studio 10.0\vc\include\string.h(110) : see declaration of 'strcat'
     1>d:\hercules\src\plugins\dbghelpplug.c(1693): warning C4996: 'strcpy': This function or variable may be unsafe. Consider using strcpy_s instead. To disable deprecation, use _CRT_SECURE_NO_WARNINGS. See online help for details.
                 c:\program files\microsoft visual studio 10.0\vc\include\string.h(105) : see declaration of 'strcpy'
     1>d:\hercules\src\plugins\dbghelpplug.c(1700): warning C4996: 'localtime': This function or variable may be unsafe. Consider using localtime_s instead. To disable deprecation, use _CRT_SECURE_NO_WARNINGS. See online help for details.
                 c:\program files\microsoft visual studio 10.0\vc\include\time.inl(112) : see declaration of 'localtime'
     1>d:\hercules\src\plugins\dbghelpplug.c(1704): warning C4996: 'sprintf': This function or variable may be unsafe. Consider using sprintf_s instead. To disable deprecation, use _CRT_SECURE_NO_WARNINGS. See online help for details.
                 c:\program files\microsoft visual studio 10.0\vc\include\stdio.h(371) : see declaration of 'sprintf'
     1>d:\hercules\src\plugins\dbghelpplug.c(1705): warning C4996: 'fopen': This function or variable may be unsafe. Consider using fopen_s instead. To disable deprecation, use _CRT_SECURE_NO_WARNINGS. See online help for details.
                 c:\program files\microsoft visual studio 10.0\vc\include\stdio.h(234) : see declaration of 'fopen'
     1>d:\hercules\src\plugins\dbghelpplug.c(1710): warning C4996: 'sprintf': This function or variable may be unsafe. Consider using sprintf_s instead. To disable deprecation, use _CRT_SECURE_NO_WARNINGS. See online help for details.
                 c:\program files\microsoft visual studio 10.0\vc\include\stdio.h(371) : see declaration of 'sprintf'
     1>d:\hercules\src\plugins\dbghelpplug.c(1711): warning C4996: 'fopen': This function or variable may be unsafe. Consider using fopen_s instead. To disable deprecation, use _CRT_SECURE_NO_WARNINGS. See online help for details.
                 c:\program files\microsoft visual studio 10.0\vc\include\stdio.h(234) : see declaration of 'fopen'
     1>d:\hercules\src\plugins\dbghelpplug.c(1749): warning C4996: 'fopen': This function or variable may be unsafe. Consider using fopen_s instead. To disable deprecation, use _CRT_SECURE_NO_WARNINGS. See online help for details.
                 c:\program files\microsoft visual studio 10.0\vc\include\stdio.h(234) : see declaration of 'fopen'
       Link:
         C:\Program Files\Microsoft Visual Studio 10.0\VC\bin\link.exe /ERRORREPORT:PROMPT /OUT:"..\plugins\\dbghelpplug.dll" /NOLOGO kernel32.lib user32.lib gdi32.lib winspool.lib comdlg32.lib advapi32.lib shell32.lib ole32.lib oleaut32.lib uuid.lib odbc32.lib odbccp32.lib /MANIFEST /ManifestFile:"dbghelpplug\\dbghelpplug.dll.intermediate.manifest" /MANIFESTUAC:"level='asInvoker' uiAccess='false'" /DEBUG /PDB:"D:\Hercules\plugins\dbghelpplug.pdb" /TLBID:1 /DYNAMICBASE /NXCOMPAT /IMPLIB:"..\plugins\dbghelpplug.lib" /MACHINE:X86 /DLL dbghelpplug\\dbghelpplug.obj
            Creating library ..\plugins\dbghelpplug.lib and object ..\plugins\dbghelpplug.exp
         dbghelpplug.vcxproj -> D:\Hercules\dbghelpplug\..\plugins\dbghelpplug.dll
       Manifest:
         C:\Program Files\Microsoft SDKs\Windows\v7.0A\bin\mt.exe /nologo /verbose /outputresource:"..\plugins\\dbghelpplug.dll;#2" /manifest dbghelpplug\\dbghelpplug.dll.intermediate.manifest
       FinalizeBuildStatus:
         Deleting file "dbghelpplug\\dbghelpplug.unsuccessfulbuild".
         Touching "dbghelpplug\\dbghelpplug.lastbuildstate".
     1>Done Building Project "D:\Hercules\dbghelpplug\dbghelpplug.vcxproj" (rebuild target(s)).

Build succeeded.

Time Elapsed 00:00:01.86
